<?xml version="1.0" encoding="UTF-8"?>
<!-- Generated by org.testng.reporters.JUnitReportReporter -->
<testsuite hostname="kadams" failures="0" tests="2" name="testCases.TC_001_AccountRegistrationTest" time="11.715" errors="0" timestamp="2024-05-09T18:30:10 EDT" skipped="0">
  <testcase classname="testCases.TC_001_AccountRegistrationTest" name="verify_account_registration" time="5.880"/>
  <testcase classname="testCases.TC_001_AccountRegistrationTest" name="verify_account_registration" time="5.835"/>
</testsuite> <!-- testCases.TC_001_AccountRegistrationTest -->
