<?xml version="1.0" encoding="UTF-8"?>
<!-- Generated by org.testng.reporters.JUnitReportReporter -->
<testsuite hostname="kadams" failures="0" tests="2" name="testCases.TC_002_LoginTest" time="4.575" errors="0" timestamp="2024-05-09T18:30:10 EDT" skipped="0">
  <testcase classname="testCases.TC_002_LoginTest" name="verify_Account_Login" time="2.236"/>
  <testcase classname="testCases.TC_002_LoginTest" name="verify_Account_Login" time="2.339"/>
</testsuite> <!-- testCases.TC_002_LoginTest -->
