<?xml version="1.0" encoding="UTF-8"?>
<!-- Generated by org.testng.reporters.JUnitReportReporter -->
<testsuite hostname="kadams" failures="0" tests="1" name="testCases.TC_001_AccountRegistrationTest" time="4.632" errors="0" timestamp="2024-05-09T19:51:03 EDT" skipped="0">
  <testcase classname="testCases.TC_001_AccountRegistrationTest" name="verify_account_registration" time="4.632"/>
</testsuite> <!-- testCases.TC_001_AccountRegistrationTest -->
