<?xml version="1.0" encoding="UTF-8"?>
<!-- Generated by org.testng.reporters.JUnitReportReporter -->
<testsuite hostname="kadams" failures="0" tests="1" name="testCases.TC_002_LoginTest" time="1.631" errors="0" timestamp="2024-05-09T19:51:03 EDT" skipped="0">
  <testcase classname="testCases.TC_002_LoginTest" name="verify_Account_Login" time="1.631"/>
</testsuite> <!-- testCases.TC_002_LoginTest -->
